  Building Custom Rule C:/Users/USER/Documents/projet OpenGL/Synthese-image-SALANON-DIETSCH/CMakeLists.txt
  CubesExistants.cpp
C:\Users\USER\Documents\projet OpenGL\Synthese-image-SALANON-DIETSCH\src\CubesExistants.cpp(127,121): warning C4267: 'argument' : conversion de 'size_t' en 'GLsizei', perte possible de données
C:\Users\USER\Documents\projet OpenGL\Synthese-image-SALANON-DIETSCH\src\CubesExistants.cpp(166,53): warning C4267: 'initialisation' : conversion de 'size_t' en 'int', perte possible de données
  Curseur.cpp
  FreeflyCamera.cpp
C:\Users\USER\Documents\projet OpenGL\Synthese-image-SALANON-DIETSCH\src\FreeflyCamera.cpp(13,3): warning C4305: 'initialisation' : troncation de 'const double' à 'float'
  TrackballCamera.cpp
  app.cpp
C:\Program Files (x86)\Windows Kits\10\Include\10.0.18362.0\shared\minwindef.h(130,1): warning C4005: 'APIENTRY' : redéfinition de macro
C:\Users\USER\Documents\projet OpenGL\Synthese-image-SALANON-DIETSCH\lib\glad\include\glad/glad.h(32): message : voir la définition précédente de 'APIENTRY'
  gl-exception.cpp
C:\Program Files (x86)\Windows Kits\10\Include\10.0.18362.0\shared\minwindef.h(130,1): warning C4005: 'APIENTRY' : redéfinition de macro
C:\Users\USER\Documents\projet OpenGL\Synthese-image-SALANON-DIETSCH\lib\glad\include\glad/glad.h(32): message : voir la définition précédente de 'APIENTRY'
  main.cpp
C:\Program Files (x86)\Windows Kits\10\Include\10.0.18362.0\shared\minwindef.h(130,1): warning C4005: 'APIENTRY' : redéfinition de macro
C:\Users\USER\Documents\projet OpenGL\Synthese-image-SALANON-DIETSCH\lib\glad\include\glad/glad.h(32): message : voir la définition précédente de 'APIENTRY'
C:\Users\USER\Documents\projet OpenGL\Synthese-image-SALANON-DIETSCH\src\main.cpp(22,55): warning C4305: 'argument' : troncation de 'double' à 'GLfloat'
  shader.cpp
  Génération de code en cours...
  DIETSCH_SALANON.vcxproj -> C:\Users\USER\Documents\projet OpenGL\Synthese-image-SALANON-DIETSCH\build\bin\Debug\DIETSCH_SALANON.exe
